-------------------------------------------------------------------------------
Test set: pl.ingobernable.PasswordGeneratorTest
-------------------------------------------------------------------------------
Tests run: 4, Failures: 4, Errors: 0, Skipped: 0, Time elapsed: 0.009 sec <<< FAILURE!
pl.ingobernable.PasswordGeneratorTest.test_generatePassword_shouldReturnPassword16LettersLong()  Time elapsed: 0.005 sec  <<< FAILURE!
java.lang.NullPointerException
	at pl.ingobernable.PasswordGeneratorTest.test_generatePassword_shouldReturnPassword16LettersLong(PasswordGeneratorTest.java:27)

pl.ingobernable.PasswordGeneratorTest.test_generatePassword_shouldReturnPasswordWithMin1UpperCaseLetter()  Time elapsed: 0 sec  <<< FAILURE!
java.lang.NullPointerException
	at pl.ingobernable.PasswordGeneratorTest.test_generatePassword_shouldReturnPasswordWithMin1UpperCaseLetter(PasswordGeneratorTest.java:36)

pl.ingobernable.PasswordGeneratorTest.test_generatePassword_shouldReturnPasswordWithMin1Digit()  Time elapsed: 0 sec  <<< FAILURE!
java.lang.NullPointerException
	at pl.ingobernable.PasswordGeneratorTest.test_generatePassword_shouldReturnPasswordWithMin1Digit(PasswordGeneratorTest.java:45)

pl.ingobernable.PasswordGeneratorTest.test_generatePassword_shouldReturnPassword8LettersLong()  Time elapsed: 0.001 sec  <<< FAILURE!
java.lang.NullPointerException
	at pl.ingobernable.PasswordGeneratorTest.test_generatePassword_shouldReturnPassword8LettersLong(PasswordGeneratorTest.java:18)

