<?xml version="1.0" encoding="UTF-8" ?>
<testsuite tests="4" failures="4" name="pl.ingobernable.PasswordGeneratorTest" time="0.006" errors="0" skipped="0">
  <properties>
    <property name="idea.version" value="2021.1"/>
    <property name="java.runtime.name" value="Java(TM) SE Runtime Environment"/>
    <property name="java.vm.version" value="14.0.2+12-46"/>
    <property name="sun.boot.library.path" value="C:\Program Files\Java\jdk-14.0.2\bin"/>
    <property name="maven.multiModuleProjectDirectory" value="C:\Users\SebaiPawlo\IdeaProjects\PasswordGenerator"/>
    <property name="java.vm.vendor" value="Oracle Corporation"/>
    <property name="java.vendor.url" value="https://java.oracle.com/"/>
    <property name="guice.disable.misplaced.annotation.check" value="true"/>
    <property name="path.separator" value=";"/>
    <property name="java.vm.name" value="Java HotSpot(TM) 64-Bit Server VM"/>
    <property name="sun.os.patch.level" value=""/>
    <property name="user.script" value=""/>
    <property name="user.country" value="PL"/>
    <property name="sun.java.launcher" value="SUN_STANDARD"/>
    <property name="java.vm.specification.name" value="Java Virtual Machine Specification"/>
    <property name="user.dir" value="C:\Users\SebaiPawlo\IdeaProjects\PasswordGenerator"/>
    <property name="java.vm.compressedOopsMode" value="32-bit"/>
    <property name="java.runtime.version" value="14.0.2+12-46"/>
    <property name="os.arch" value="amd64"/>
    <property name="java.io.tmpdir" value="C:\Users\SEBAIP~1\AppData\Local\Temp\"/>
    <property name="line.separator" value="
"/>
    <property name="java.vm.specification.vendor" value="Oracle Corporation"/>
    <property name="user.variant" value=""/>
    <property name="os.name" value="Windows 8.1"/>
    <property name="maven.ext.class.path" value="C:\Program Files\JetBrains\IntelliJ IDEA Community Edition 2020.2\plugins\maven\lib\maven-event-listener.jar"/>
    <property name="classworlds.conf" value="C:\Program Files\apache-maven-3.8.1\bin\m2.conf"/>
    <property name="sun.jnu.encoding" value="Cp1250"/>
    <property name="java.library.path" value="C:\Program Files\Java\jdk-14.0.2\bin;C:\WINDOWS\Sun\Java\bin;C:\WINDOWS\system32;C:\WINDOWS;C:\Program Files (x86)\Common Files\Oracle\Java\javapath;C:\WINDOWS\system32;C:\WINDOWS;C:\WINDOWS\System32\Wbem;C:\WINDOWS\System32\WindowsPowerShell\v1.0\;C:\Program Files (x86)\NVIDIA Corporation\PhysX\Common;C:\Program Files\Git\cmd;C:\Program Files\Java\jdk-14.0.2;C:\Program Files\Java\jre1.8.0_261;C:\Program Files\apache-maven-3.8.1\bin;C:\Program Files\Java\jdk-14.0.2\bin C:\Users\SebaiPawlo\eclipse-workspace\tomcat\bin %M2_HOME\bin;."/>
    <property name="maven.conf" value="C:\Program Files\apache-maven-3.8.1/conf"/>
    <property name="jdk.debug" value="release"/>
    <property name="java.class.version" value="58.0"/>
    <property name="java.specification.name" value="Java Platform API Specification"/>
    <property name="sun.management.compiler" value="HotSpot 64-Bit Tiered Compilers"/>
    <property name="os.version" value="6.3"/>
    <property name="user.home" value="C:\Users\SebaiPawlo"/>
    <property name="user.timezone" value="Europe/Warsaw"/>
    <property name="file.encoding" value="UTF-8"/>
    <property name="java.specification.version" value="14"/>
    <property name="user.name" value="SebaiPawlo"/>
    <property name="java.class.path" value="C:\Program Files\apache-maven-3.8.1\boot\plexus-classworlds-2.6.0.jar;C:\Program Files\apache-maven-3.8.1\boot\plexus-classworlds.license"/>
    <property name="java.vm.specification.version" value="14"/>
    <property name="sun.arch.data.model" value="64"/>
    <property name="sun.java.command" value="org.codehaus.classworlds.Launcher -Didea.version=2021.1 package"/>
    <property name="java.home" value="C:\Program Files\Java\jdk-14.0.2"/>
    <property name="user.language" value="pl"/>
    <property name="java.specification.vendor" value="Oracle Corporation"/>
    <property name="java.vm.info" value="mixed mode, sharing"/>
    <property name="java.version" value="14.0.2"/>
    <property name="java.vendor" value="Oracle Corporation"/>
    <property name="maven.home" value="C:\Program Files\apache-maven-3.8.1"/>
    <property name="file.separator" value="\"/>
    <property name="java.version.date" value="2020-07-14"/>
    <property name="java.vendor.url.bug" value="https://bugreport.java.com/bugreport/"/>
    <property name="sun.io.unicode.encoding" value="UnicodeLittle"/>
    <property name="sun.cpu.endian" value="little"/>
    <property name="sun.cpu.isalist" value="amd64"/>
  </properties>
  <testcase classname="pl.ingobernable.PasswordGeneratorTest" name="pl.ingobernable.PasswordGeneratorTest.test_generatePassword_shouldReturnPassword16LettersLong" time="0.005">
    <failure type="java.lang.NullPointerException">java.lang.NullPointerException
	at pl.ingobernable.PasswordGeneratorTest.test_generatePassword_shouldReturnPassword16LettersLong(PasswordGeneratorTest.java:27)
</failure>
  </testcase>
  <testcase classname="pl.ingobernable.PasswordGeneratorTest" name="pl.ingobernable.PasswordGeneratorTest.test_generatePassword_shouldReturnPasswordWithMin1UpperCaseLetter" time="0">
    <failure type="java.lang.NullPointerException">java.lang.NullPointerException
	at pl.ingobernable.PasswordGeneratorTest.test_generatePassword_shouldReturnPasswordWithMin1UpperCaseLetter(PasswordGeneratorTest.java:36)
</failure>
  </testcase>
  <testcase classname="pl.ingobernable.PasswordGeneratorTest" name="pl.ingobernable.PasswordGeneratorTest.test_generatePassword_shouldReturnPasswordWithMin1Digit" time="0">
    <failure type="java.lang.NullPointerException">java.lang.NullPointerException
	at pl.ingobernable.PasswordGeneratorTest.test_generatePassword_shouldReturnPasswordWithMin1Digit(PasswordGeneratorTest.java:45)
</failure>
  </testcase>
  <testcase classname="pl.ingobernable.PasswordGeneratorTest" name="pl.ingobernable.PasswordGeneratorTest.test_generatePassword_shouldReturnPassword8LettersLong" time="0.001">
    <failure type="java.lang.NullPointerException">java.lang.NullPointerException
	at pl.ingobernable.PasswordGeneratorTest.test_generatePassword_shouldReturnPassword8LettersLong(PasswordGeneratorTest.java:18)
</failure>
  </testcase>
</testsuite>