<?xml version="1.0" encoding="UTF-8" ?>
<testsuite tests="4" failures="4" name="pl.ingobernable.PasswordGeneratorTest" time="0.006" errors="0" skipped="0">
  <properties>
[...]
</properties>
  <testcase classname="pl.ingobernable.PasswordGeneratorTest" name="pl.ingobernable.PasswordGeneratorTest.test_generatePassword_shouldReturnPassword16LettersLong" time="0.005">
    <failure type="java.lang.NullPointerException">java.lang.NullPointerException
	at pl.ingobernable.PasswordGeneratorTest.test_generatePassword_shouldReturnPassword16LettersLong(PasswordGeneratorTest.java:27)
</failure>
  </testcase>
  <testcase classname="pl.ingobernable.PasswordGeneratorTest" name="pl.ingobernable.PasswordGeneratorTest.test_generatePassword_shouldReturnPasswordWithMin1UpperCaseLetter" time="0">
    <failure type="java.lang.NullPointerException">java.lang.NullPointerException
	at pl.ingobernable.PasswordGeneratorTest.test_generatePassword_shouldReturnPasswordWithMin1UpperCaseLetter(PasswordGeneratorTest.java:36)
</failure>
  </testcase>
  <testcase classname="pl.ingobernable.PasswordGeneratorTest" name="pl.ingobernable.PasswordGeneratorTest.test_generatePassword_shouldReturnPasswordWithMin1Digit" time="0">
    <failure type="java.lang.NullPointerException">java.lang.NullPointerException
	at pl.ingobernable.PasswordGeneratorTest.test_generatePassword_shouldReturnPasswordWithMin1Digit(PasswordGeneratorTest.java:45)
</failure>
  </testcase>
  <testcase classname="pl.ingobernable.PasswordGeneratorTest" name="pl.ingobernable.PasswordGeneratorTest.test_generatePassword_shouldReturnPassword8LettersLong" time="0.001">
    <failure type="java.lang.NullPointerException">java.lang.NullPointerException
	at pl.ingobernable.PasswordGeneratorTest.test_generatePassword_shouldReturnPassword8LettersLong(PasswordGeneratorTest.java:18)
</failure>
  </testcase>
</testsuite>